<?xml version="1.0" encoding="utf-8" standalone="no"?>
<!--This file represents the results of running a test suite-->
<test-results name="memento_test.dll" total="2" failures="0" not-run="0" date="2013-05-14" time="19:52:33">
  <environment nunit-version="2.4.8.0" clr-version="2.0.50727.1433" os-version="Unix 3.8.11.1" platform="Unix" cwd="/home/ixoth/studia/poo/lista7/zadanie3" machine-name="lenovo" user="ixoth" user-domain="lenovo" />
  <culture-info current-culture="pl-PL" current-uiculture="pl-PL" />
  <test-suite name="memento_test.dll" success="True" time="0.051" asserts="0">
    <results>
      <test-suite name="Memento" success="True" time="0.021" asserts="0">
        <results>
          <test-case name="Memento.AddingShape" executed="True" success="True" time="0.007" asserts="1" />
          <test-case name="Memento.RemovingShape" executed="True" success="True" time="0.002" asserts="4" />
        </results>
      </test-suite>
    </results>
  </test-suite>
</test-results>