<?xml version="1.0" encoding="utf-8" standalone="no"?>
<!--This file represents the results of running a test suite-->
<test-results name="interpreter_test.dll" total="9" failures="0" not-run="0" date="2013-05-08" time="12:43:48">
  <environment nunit-version="2.4.8.0" clr-version="2.0.50727.1433" os-version="Unix 3.7.10.1" platform="Unix" cwd="/home/ixoth/studia/poo/lista6/zadanie2" machine-name="lenovo" user="ixoth" user-domain="lenovo" />
  <culture-info current-culture="pl-PL" current-uiculture="pl-PL" />
  <test-suite name="interpreter_test.dll" success="True" time="0.061" asserts="0">
    <results>
      <test-suite name="ContextTest" success="True" time="0.020" asserts="0">
        <results>
          <test-case name="ContextTest.NotAssignedVariable" executed="True" success="True" time="0.005" asserts="0" />
          <test-case name="ContextTest.SettingVariable" executed="True" success="True" time="0.005" asserts="2" />
        </results>
      </test-suite>
      <test-suite name="InterpreterTest" success="True" time="0.008" asserts="0">
        <results>
          <test-case name="InterpreterTest.BoundVariable" executed="True" success="True" time="0.001" asserts="2" />
          <test-case name="InterpreterTest.Conjunction" executed="True" success="True" time="0.001" asserts="1" />
          <test-case name="InterpreterTest.Constant" executed="True" success="True" time="0.001" asserts="2" />
          <test-case name="InterpreterTest.Disjunction" executed="True" success="True" time="0.000" asserts="1" />
          <test-case name="InterpreterTest.ExpressionWithUnboundVariable" executed="True" success="True" time="0.000" asserts="0" />
          <test-case name="InterpreterTest.Negation" executed="True" success="True" time="0.000" asserts="2" />
          <test-case name="InterpreterTest.UnboundVariable" executed="True" success="True" time="0.000" asserts="0" />
        </results>
      </test-suite>
    </results>
  </test-suite>
</test-results>